<?xml version="1.0" encoding="UTF-8"?>
<!-- Generated by org.testng.reporters.JUnitXMLReporter -->
<testsuite ignored="0" hostname="DESKTOP-T1VS9JI" failures="0" tests="3" name="Default test" time="2.599" errors="0" timestamp="2023-05-16T20:31:05 EEST">
  <testcase classname="RestAssured._03_DymanicJSON" name="addBook" time="1.829"/>
  <testcase classname="RestAssured._03_DymanicJSON" name="addBook" time="0.378"/>
  <testcase classname="RestAssured._03_DymanicJSON" name="addBook" time="0.353"/>
</testsuite> <!-- Default test -->
