<?xml version="1.0" encoding="UTF-8"?>
<testng-results ignored="0" total="3" passed="3" failed="0" skipped="0">
  <reporter-output>
  </reporter-output>
  <suite started-at="2023-05-16T20:31:02 EEST" name="Default suite" finished-at="2023-05-16T20:31:05 EEST" duration-ms="2599">
    <groups>
    </groups>
    <test started-at="2023-05-16T20:31:02 EEST" name="Default test" finished-at="2023-05-16T20:31:05 EEST" duration-ms="2599">
      <class name="RestAssured._03_DymanicJSON">
        <test-method signature="addBook(java.lang.String,java.lang.String)[pri:0, instance:RestAssured._03_DymanicJSON@4efc180e]" started-at="2023-05-16T20:31:02 EEST" name="addBook" data-provider="BooksData" finished-at="2023-05-16T20:31:04 EEST" duration-ms="1829" status="PASS">
          <params>
            <param index="0">
              <value>
                <![CDATA[12ww3]]>
              </value>
            </param>
            <param index="1">
              <value>
                <![CDATA[gt23]]>
              </value>
            </param>
          </params>
          <reporter-output>
          </reporter-output>
        </test-method> <!-- addBook -->
        <test-method signature="addBook(java.lang.String,java.lang.String)[pri:0, instance:RestAssured._03_DymanicJSON@4efc180e]" started-at="2023-05-16T20:31:04 EEST" name="addBook" data-provider="BooksData" finished-at="2023-05-16T20:31:04 EEST" duration-ms="378" status="PASS">
          <params>
            <param index="0">
              <value>
                <![CDATA[fdg3]]>
              </value>
            </param>
            <param index="1">
              <value>
                <![CDATA[5vw2]]>
              </value>
            </param>
          </params>
          <reporter-output>
          </reporter-output>
        </test-method> <!-- addBook -->
        <test-method signature="addBook(java.lang.String,java.lang.String)[pri:0, instance:RestAssured._03_DymanicJSON@4efc180e]" started-at="2023-05-16T20:31:04 EEST" name="addBook" data-provider="BooksData" finished-at="2023-05-16T20:31:05 EEST" duration-ms="353" status="PASS">
          <params>
            <param index="0">
              <value>
                <![CDATA[ki87]]>
              </value>
            </param>
            <param index="1">
              <value>
                <![CDATA[uhdsaf]]>
              </value>
            </param>
          </params>
          <reporter-output>
          </reporter-output>
        </test-method> <!-- addBook -->
      </class> <!-- RestAssured._03_DymanicJSON -->
    </test> <!-- Default test -->
  </suite> <!-- Default suite -->
</testng-results>
