<?xml version="1.0" encoding="UTF-8"?>
<testng-results ignored="0" total="1" passed="1" failed="0" skipped="0">
  <reporter-output>
  </reporter-output>
  <suite started-at="2023-05-18T21:06:37 EEST" name="Default suite" finished-at="2023-05-18T21:06:41 EEST" duration-ms="3829">
    <groups>
    </groups>
    <test started-at="2023-05-18T21:06:37 EEST" name="Default test" finished-at="2023-05-18T21:06:41 EEST" duration-ms="3829">
      <class name="RestAssured._04_OAuth">
        <test-method signature="OAuth()[pri:0, instance:RestAssured._04_OAuth@656d10a4]" started-at="2023-05-18T21:06:37 EEST" name="OAuth" finished-at="2023-05-18T21:06:41 EEST" duration-ms="3798" status="PASS">
          <reporter-output>
          </reporter-output>
        </test-method> <!-- OAuth -->
      </class> <!-- RestAssured._04_OAuth -->
    </test> <!-- Default test -->
  </suite> <!-- Default suite -->
</testng-results>
